<?xml version="1.0" encoding="UTF-8"?>
<!-- Generated by org.testng.reporters.JUnitXMLReporter -->
<testsuite ignored="0" hostname="DESKTOP-SFTUBHI" failures="0" tests="4" name="Default test" time="0.04" errors="0" timestamp="06 Dec 2021 22:03:24 GMT">
  <testcase classname="APITestingFramework.testcases.CreateCustomerTest" name="validateCreateCustomerAPIwithInvalidSecretKey" time="0.004"/>
  <testcase classname="APITestingFramework.testcases.CreateCustomerTest" name="validateCreateCustomerAPIwithInvalidSecretKey" time="0.001"/>
  <testcase classname="APITestingFramework.testcases.CreateCustomerTest" name="validateCreateCustomerAPIwithValidSecretKey" time="0.001"/>
  <testcase classname="APITestingFramework.testcases.CreateCustomerTest" name="validateCreateCustomerAPIwithValidSecretKey" time="0.0"/>
</testsuite> <!-- Default test -->
